
  VITE v5.4.19  ready in 710 ms

  ➜  Local:   http://localhost:1420/
=== Application starting ===
[2m2025-05-26T13:52:12.484347Z[0m [32m INFO[0m [2mgym_manager_lib::config[0m[2m:[0m Settings file not found, returning default settings.
[2m2025-05-26T13:52:12.484482Z[0m [34mDEBUG[0m [2mgym_manager_lib::db[0m[2m:[0m Database will be stored at: "/home/dc/.local/share/com.gym-manager.dev/gym_data.sqlite"
[2m2025-05-26T13:52:12.484503Z[0m [32m INFO[0m [2mgym_manager_lib::db[0m[2m:[0m Connecting to database at: sqlite:///home/dc/.local/share/com.gym-manager.dev/gym_data.sqlite
[2m2025-05-26T13:52:12.485338Z[0m [34mDEBUG[0m [2msqlx::query[0m[2m:[0m [3msummary[0m[2m=[0m"PRAGMA foreign_keys = ON; …" [3mdb.statement[0m[2m=[0m"\n\nPRAGMA foreign_keys = ON;\n" [3mrows_affected[0m[2m=[0m0 [3mrows_returned[0m[2m=[0m0 [3melapsed[0m[2m=[0m42.046µs [3melapsed_secs[0m[2m=[0m4.2046e-5
[2m2025-05-26T13:52:12.493463Z[0m [34mDEBUG[0m [2msqlx::query[0m[2m:[0m [3msummary[0m[2m=[0m"PRAGMA journal_mode = WAL" [3mdb.statement[0m[2m=[0m"" [3mrows_affected[0m[2m=[0m0 [3mrows_returned[0m[2m=[0m1 [3melapsed[0m[2m=[0m7.856519ms [3melapsed_secs[0m[2m=[0m0.007856519
[2m2025-05-26T13:52:12.494283Z[0m [34mDEBUG[0m [2msqlx::query[0m[2m:[0m [3msummary[0m[2m=[0m"PRAGMA foreign_keys = ON; …" [3mdb.statement[0m[2m=[0m"\n\nPRAGMA foreign_keys = ON;\n" [3mrows_affected[0m[2m=[0m0 [3mrows_returned[0m[2m=[0m0 [3melapsed[0m[2m=[0m19.054µs [3melapsed_secs[0m[2m=[0m1.9054e-5
[2m2025-05-26T13:52:12.494601Z[0m [34mDEBUG[0m [2msqlx::query[0m[2m:[0m [3msummary[0m[2m=[0m"PRAGMA synchronous = NORMAL" [3mdb.statement[0m[2m=[0m"" [3mrows_affected[0m[2m=[0m0 [3mrows_returned[0m[2m=[0m0 [3melapsed[0m[2m=[0m226.77µs [3melapsed_secs[0m[2m=[0m0.00022677
[2m2025-05-26T13:52:12.494731Z[0m [34mDEBUG[0m [2msqlx::query[0m[2m:[0m [3msummary[0m[2m=[0m"PRAGMA foreign_keys = ON" [3mdb.statement[0m[2m=[0m"" [3mrows_affected[0m[2m=[0m0 [3mrows_returned[0m[2m=[0m0 [3melapsed[0m[2m=[0m12.262µs [3melapsed_secs[0m[2m=[0m1.2262e-5
[2m2025-05-26T13:52:12.494795Z[0m [32m INFO[0m [2mgym_manager_lib::db[0m[2m:[0m Running database migrations...
[2m2025-05-26T13:52:12.496504Z[0m [34mDEBUG[0m [2msqlx::query[0m[2m:[0m [3msummary[0m[2m=[0m"CREATE TABLE IF NOT …" [3mdb.statement[0m[2m=[0m"\n\nCREATE TABLE IF NOT EXISTS _sqlx_migrations (\n  version BIGINT PRIMARY KEY,\n  description TEXT NOT NULL,\n  installed_on TIMESTAMP NOT NULL DEFAULT CURRENT_TIMESTAMP,\n  success BOOLEAN NOT NULL,\n  checksum BLOB NOT NULL,\n  execution_time BIGINT NOT NULL\n);\n" [3mrows_affected[0m[2m=[0m0 [3mrows_returned[0m[2m=[0m0 [3melapsed[0m[2m=[0m35.555µs [3melapsed_secs[0m[2m=[0m3.5555e-5
[2m2025-05-26T13:52:12.497070Z[0m [34mDEBUG[0m [2msqlx::query[0m[2m:[0m [3msummary[0m[2m=[0m"SELECT version FROM _sqlx_migrations …" [3mdb.statement[0m[2m=[0m"\n\nSELECT\n  version\nFROM\n  _sqlx_migrations\nWHERE\n  success = false\nORDER BY\n  version\nLIMIT\n  1\n" [3mrows_affected[0m[2m=[0m0 [3mrows_returned[0m[2m=[0m0 [3melapsed[0m[2m=[0m88.4µs [3melapsed_secs[0m[2m=[0m8.84e-5
[2m2025-05-26T13:52:12.497472Z[0m [34mDEBUG[0m [2msqlx::query[0m[2m:[0m [3msummary[0m[2m=[0m"SELECT version, checksum FROM …" [3mdb.statement[0m[2m=[0m"\n\nSELECT\n  version,\n  checksum\nFROM\n  _sqlx_migrations\nORDER BY\n  version\n" [3mrows_affected[0m[2m=[0m0 [3mrows_returned[0m[2m=[0m2 [3melapsed[0m[2m=[0m47.235µs [3melapsed_secs[0m[2m=[0m4.7235e-5
[2m2025-05-26T13:52:12.497554Z[0m [32m INFO[0m [2mgym_manager_lib::db[0m[2m:[0m Database migrations completed.
[2m2025-05-26T13:52:12.497995Z[0m [32m INFO[0m [2mgym_manager_lib::db[0m[2m:[0m Default admin user 'admin' already exists. Skipping creation.
[2m2025-05-26T13:52:12.498048Z[0m [34mDEBUG[0m [2msqlx::query[0m[2m:[0m [3msummary[0m[2m=[0m"SELECT EXISTS(SELECT 1 FROM …" [3mdb.statement[0m[2m=[0m"\n\nSELECT\n  EXISTS(\n    SELECT\n      1\n    FROM\n      users\n    WHERE\n      username = ?1\n    LIMIT\n      1\n  ) as \"exists: bool\"\n" [3mrows_affected[0m[2m=[0m0 [3mrows_returned[0m[2m=[0m1 [3melapsed[0m[2m=[0m58.586µs [3melapsed_secs[0m[2m=[0m5.8586e-5
[2m2025-05-26T13:52:12.498210Z[0m [32m INFO[0m [2mgym_manager_lib::backup[0m[2m:[0m Spawning periodic backup change check task (Interval: 2 hours)
[2m2025-05-26T13:52:12.499457Z[0m [32m INFO[0m [2mgym_manager_lib::config[0m[2m:[0m Settings file not found, returning default settings.
[2m2025-05-26T13:52:12.499494Z[0m [34mDEBUG[0m [2mgym_manager_lib::backup[0m[2m:[0m Periodic check skipped: Backup URL not configured.
[2m2025-05-26T13:52:31.769939Z[0m [32m INFO[0m [2mgym_manager_lib::commands::admin_commands[0m[2m:[0m Login attempt for user: admin
[2m2025-05-26T13:52:31.773106Z[0m [34mDEBUG[0m [2msqlx::query[0m[2m:[0m [3msummary[0m[2m=[0m"SELECT id as `id!`, …" [3mdb.statement[0m[2m=[0m"\n\nSELECT\n  id as `id!`,\n  username,\n  password_hash,\n  created_at,\n  updated_at\nFROM\n  users\nWHERE\n  username = ?\n" [3mrows_affected[0m[2m=[0m0 [3mrows_returned[0m[2m=[0m1 [3melapsed[0m[2m=[0m159.058µs [3melapsed_secs[0m[2m=[0m0.000159058
[2m2025-05-26T13:52:32.118011Z[0m [32m INFO[0m [2mgym_manager_lib::commands::admin_commands[0m[2m:[0m User 'admin' logged in successfully.
[2m2025-05-26T13:52:43.839714Z[0m [32m INFO[0m [2mgym_manager_lib::commands::membership_commands[0m[2m:[0m Creating new membership type: test2
[2m2025-05-26T13:52:43.844947Z[0m [34mDEBUG[0m [2msqlx::query[0m[2m:[0m [3msummary[0m[2m=[0m"INSERT INTO membership_types (name, …" [3mdb.statement[0m[2m=[0m"\n\nINSERT INTO\n  membership_types (\n    name,\n    duration_days,\n    visit_limit,\n    enter_by,\n    price,\n    description,\n    created_at,\n    updated_at,\n    is_deleted\n  )\nVALUES\n  (?1, ?2, ?3, ?4, ?5, ?6, ?7, ?7, FALSE)\n" [3mrows_affected[0m[2m=[0m1 [3mrows_returned[0m[2m=[0m0 [3melapsed[0m[2m=[0m430.287µs [3melapsed_secs[0m[2m=[0m0.000430287
[2m2025-05-26T13:52:43.845317Z[0m [32m INFO[0m [2mgym_manager_lib::commands::membership_commands[0m[2m:[0m Successfully inserted new membership type 'test2' with id 2.
[2m2025-05-26T13:52:43.846542Z[0m [34mDEBUG[0m [2msqlx::query[0m[2m:[0m [3msummary[0m[2m=[0m"PRAGMA foreign_keys = ON; …" [3mdb.statement[0m[2m=[0m"\n\nPRAGMA foreign_keys = ON;\n" [3mrows_affected[0m[2m=[0m0 [3mrows_returned[0m[2m=[0m0 [3melapsed[0m[2m=[0m74.886µs [3melapsed_secs[0m[2m=[0m7.4886e-5
[2m2025-05-26T13:52:43.849088Z[0m [34mDEBUG[0m [2msqlx::query[0m[2m:[0m [3msummary[0m[2m=[0m"SELECT id, name, duration_days, …" [3mdb.statement[0m[2m=[0m"\n\nSELECT\n  id,\n  name,\n  duration_days,\n  visit_limit,\n  price,\n  enter_by,\n  description,\n  created_at,\n  updated_at,\n  is_deleted\nFROM\n  membership_types\nWHERE\n  id = ?\n" [3mrows_affected[0m[2m=[0m0 [3mrows_returned[0m[2m=[0m1 [3melapsed[0m[2m=[0m472.733µs [3melapsed_secs[0m[2m=[0m0.000472733
[2m2025-05-26T13:55:48.759797Z[0m [32m INFO[0m [2mgym_manager_lib::commands::membership_commands[0m[2m:[0m Creating new membership type: asdf
[2m2025-05-26T13:55:48.763467Z[0m [34mDEBUG[0m [2msqlx::query[0m[2m:[0m [3msummary[0m[2m=[0m"INSERT INTO membership_types (name, …" [3mdb.statement[0m[2m=[0m"\n\nINSERT INTO\n  membership_types (\n    name,\n    duration_days,\n    visit_limit,\n    enter_by,\n    price,\n    description,\n    created_at,\n    updated_at,\n    is_deleted\n  )\nVALUES\n  (?1, ?2, ?3, ?4, ?5, ?6, ?7, ?7, FALSE)\n" [3mrows_affected[0m[2m=[0m1 [3mrows_returned[0m[2m=[0m0 [3melapsed[0m[2m=[0m191.255µs [3melapsed_secs[0m[2m=[0m0.000191255
[2m2025-05-26T13:55:48.763640Z[0m [32m INFO[0m [2mgym_manager_lib::commands::membership_commands[0m[2m:[0m Successfully inserted new membership type 'asdf' with id 3.
[2m2025-05-26T13:55:48.765452Z[0m [34mDEBUG[0m [2msqlx::query[0m[2m:[0m [3msummary[0m[2m=[0m"SELECT id, name, duration_days, …" [3mdb.statement[0m[2m=[0m"\n\nSELECT\n  id,\n  name,\n  duration_days,\n  visit_limit,\n  price,\n  enter_by,\n  description,\n  created_at,\n  updated_at,\n  is_deleted\nFROM\n  membership_types\nWHERE\n  id = ?\n" [3mrows_affected[0m[2m=[0m0 [3mrows_returned[0m[2m=[0m1 [3melapsed[0m[2m=[0m71.159µs [3melapsed_secs[0m[2m=[0m7.1159e-5
3:59:06 PM [vite] page reload src/lib/models/membership_type.ts
3:59:09 PM [vite] page reload src/lib/models/membership_type.ts
3:59:23 PM [vite] hmr update /src/routes/member-ships/+page.svelte, /src/app.css
3:59:35 PM [vite] hmr update /src/routes/member-ships/+page.svelte, /src/app.css
3:59:42 PM [vite] hmr update /src/routes/member-ships/+page.svelte, /src/app.css
4:00:18 PM [vite] hmr update /src/routes/member-ships/+page.svelte, /src/app.css
4:00:46 PM [vite] hmr update /src/routes/member-ships/+page.svelte, /src/app.css
4:01:08 PM [vite] hmr update /src/routes/member-ships/+page.svelte, /src/app.css
4:01:19 PM [vite] hmr update /src/routes/member-ships/+page.svelte, /src/app.css
4:01:37 PM [vite] hmr update /src/routes/member-ships/+page.svelte, /src/app.css
4:02:20 PM [vite] hmr update /src/routes/member-ships/+page.svelte, /src/app.css
4:02:26 PM [vite] hmr update /src/routes/member-ships/+page.svelte, /src/app.css
[2m2025-05-26T14:02:58.559590Z[0m [32m INFO[0m [2mgym_manager_lib::commands::admin_commands[0m[2m:[0m Login attempt for user: admin
[2m2025-05-26T14:02:58.562210Z[0m [34mDEBUG[0m [2msqlx::query[0m[2m:[0m [3msummary[0m[2m=[0m"SELECT id as `id!`, …" [3mdb.statement[0m[2m=[0m"\n\nSELECT\n  id as `id!`,\n  username,\n  password_hash,\n  created_at,\n  updated_at\nFROM\n  users\nWHERE\n  username = ?\n" [3mrows_affected[0m[2m=[0m1 [3mrows_returned[0m[2m=[0m1 [3melapsed[0m[2m=[0m114.457µs [3melapsed_secs[0m[2m=[0m0.000114457
[2m2025-05-26T14:02:58.937250Z[0m [32m INFO[0m [2mgym_manager_lib::commands::admin_commands[0m[2m:[0m User 'admin' logged in successfully.
[2m2025-05-26T14:03:00.016133Z[0m [32m INFO[0m [2mgym_manager_lib::commands::membership_commands[0m[2m:[0m Fetching all membership types.
[2m2025-05-26T14:03:00.019410Z[0m [34mDEBUG[0m [2msqlx::query[0m[2m:[0m [3msummary[0m[2m=[0m"SELECT id as 'id!', …" [3mdb.statement[0m[2m=[0m"\n\nSELECT\n  id as 'id!',\n  name,\n  duration_days,\n  visit_limit,\n  price,\n  enter_by,\n  description,\n  created_at,\n  updated_at,\n  is_deleted\nFROM\n  membership_types\nWHERE\n  is_deleted = FALSE\nORDER BY\n  name ASC\n" [3mrows_affected[0m[2m=[0m0 [3mrows_returned[0m[2m=[0m3 [3melapsed[0m[2m=[0m363.156µs [3melapsed_secs[0m[2m=[0m0.000363156
4:03:49 PM [vite] hmr update /src/routes/member-ships/+page.svelte, /src/app.css
[2m2025-05-26T14:03:49.499348Z[0m [32m INFO[0m [2mgym_manager_lib::commands::membership_commands[0m[2m:[0m Fetching all membership types.
[2m2025-05-26T14:03:49.502127Z[0m [34mDEBUG[0m [2msqlx::query[0m[2m:[0m [3msummary[0m[2m=[0m"SELECT id as 'id!', …" [3mdb.statement[0m[2m=[0m"\n\nSELECT\n  id as 'id!',\n  name,\n  duration_days,\n  visit_limit,\n  price,\n  enter_by,\n  description,\n  created_at,\n  updated_at,\n  is_deleted\nFROM\n  membership_types\nWHERE\n  is_deleted = FALSE\nORDER BY\n  name ASC\n" [3mrows_affected[0m[2m=[0m1 [3mrows_returned[0m[2m=[0m3 [3melapsed[0m[2m=[0m262.073µs [3melapsed_secs[0m[2m=[0m0.000262073
4:04:41 PM [vite] hmr update /src/routes/member-ships/+page.svelte, /src/app.css
[2m2025-05-26T14:04:41.802363Z[0m [32m INFO[0m [2mgym_manager_lib::commands::membership_commands[0m[2m:[0m Fetching all membership types.
[2m2025-05-26T14:04:41.804752Z[0m [34mDEBUG[0m [2msqlx::query[0m[2m:[0m [3msummary[0m[2m=[0m"SELECT id as 'id!', …" [3mdb.statement[0m[2m=[0m"\n\nSELECT\n  id as 'id!',\n  name,\n  duration_days,\n  visit_limit,\n  price,\n  enter_by,\n  description,\n  created_at,\n  updated_at,\n  is_deleted\nFROM\n  membership_types\nWHERE\n  is_deleted = FALSE\nORDER BY\n  name ASC\n" [3mrows_affected[0m[2m=[0m0 [3mrows_returned[0m[2m=[0m3 [3melapsed[0m[2m=[0m129.104µs [3melapsed_secs[0m[2m=[0m0.000129104
4:05:41 PM [vite] page reload src/lib/models/membership_type.ts
4:06:07 PM [vite] hmr update /src/routes/member-ships/+page.svelte, /src/app.css
[2m2025-05-26T14:06:14.442407Z[0m [32m INFO[0m [2mgym_manager_lib::commands::admin_commands[0m[2m:[0m Login attempt for user: admin
[2m2025-05-26T14:06:14.443558Z[0m [34mDEBUG[0m [2msqlx::query[0m[2m:[0m [3msummary[0m[2m=[0m"SELECT id as `id!`, …" [3mdb.statement[0m[2m=[0m"\n\nSELECT\n  id as `id!`,\n  username,\n  password_hash,\n  created_at,\n  updated_at\nFROM\n  users\nWHERE\n  username = ?\n" [3mrows_affected[0m[2m=[0m1 [3mrows_returned[0m[2m=[0m1 [3melapsed[0m[2m=[0m54.248µs [3melapsed_secs[0m[2m=[0m5.4248e-5
[2m2025-05-26T14:06:14.777750Z[0m [32m INFO[0m [2mgym_manager_lib::commands::admin_commands[0m[2m:[0m User 'admin' logged in successfully.
[2m2025-05-26T14:06:16.269283Z[0m [32m INFO[0m [2mgym_manager_lib::commands::membership_commands[0m[2m:[0m Fetching all membership types.
[2m2025-05-26T14:06:16.272243Z[0m [34mDEBUG[0m [2msqlx::query[0m[2m:[0m [3msummary[0m[2m=[0m"SELECT id as 'id!', …" [3mdb.statement[0m[2m=[0m"\n\nSELECT\n  id as 'id!',\n  name,\n  duration_days,\n  visit_limit,\n  price,\n  enter_by,\n  description,\n  created_at,\n  updated_at,\n  is_deleted\nFROM\n  membership_types\nWHERE\n  is_deleted = FALSE\nORDER BY\n  name ASC\n" [3mrows_affected[0m[2m=[0m0 [3mrows_returned[0m[2m=[0m3 [3melapsed[0m[2m=[0m185.364µs [3melapsed_secs[0m[2m=[0m0.000185364
4:06:30 PM [vite] hmr update /src/routes/member-ships/+page.svelte, /src/app.css
[2m2025-05-26T14:06:30.243894Z[0m [32m INFO[0m [2mgym_manager_lib::commands::membership_commands[0m[2m:[0m Fetching all membership types.
[2m2025-05-26T14:06:30.248153Z[0m [34mDEBUG[0m [2msqlx::query[0m[2m:[0m [3msummary[0m[2m=[0m"SELECT id as 'id!', …" [3mdb.statement[0m[2m=[0m"\n\nSELECT\n  id as 'id!',\n  name,\n  duration_days,\n  visit_limit,\n  price,\n  enter_by,\n  description,\n  created_at,\n  updated_at,\n  is_deleted\nFROM\n  membership_types\nWHERE\n  is_deleted = FALSE\nORDER BY\n  name ASC\n" [3mrows_affected[0m[2m=[0m1 [3mrows_returned[0m[2m=[0m3 [3melapsed[0m[2m=[0m151.292µs [3melapsed_secs[0m[2m=[0m0.000151292
4:07:07 PM [vite] hmr update /src/routes/member-ships/+page.svelte, /src/app.css
[2m2025-05-26T14:07:07.901367Z[0m [32m INFO[0m [2mgym_manager_lib::commands::membership_commands[0m[2m:[0m Fetching all membership types.
[2m2025-05-26T14:07:07.904589Z[0m [34mDEBUG[0m [2msqlx::query[0m[2m:[0m [3msummary[0m[2m=[0m"SELECT id as 'id!', …" [3mdb.statement[0m[2m=[0m"\n\nSELECT\n  id as 'id!',\n  name,\n  duration_days,\n  visit_limit,\n  price,\n  enter_by,\n  description,\n  created_at,\n  updated_at,\n  is_deleted\nFROM\n  membership_types\nWHERE\n  is_deleted = FALSE\nORDER BY\n  name ASC\n" [3mrows_affected[0m[2m=[0m0 [3mrows_returned[0m[2m=[0m3 [3melapsed[0m[2m=[0m153.627µs [3melapsed_secs[0m[2m=[0m0.000153627
4:07:29 PM [vite] hmr update /src/routes/member-ships/+page.svelte, /src/app.css
[2m2025-05-26T14:07:29.823681Z[0m [32m INFO[0m [2mgym_manager_lib::commands::membership_commands[0m[2m:[0m Fetching all membership types.
[2m2025-05-26T14:07:29.827185Z[0m [34mDEBUG[0m [2msqlx::query[0m[2m:[0m [3msummary[0m[2m=[0m"SELECT id as 'id!', …" [3mdb.statement[0m[2m=[0m"\n\nSELECT\n  id as 'id!',\n  name,\n  duration_days,\n  visit_limit,\n  price,\n  enter_by,\n  description,\n  created_at,\n  updated_at,\n  is_deleted\nFROM\n  membership_types\nWHERE\n  is_deleted = FALSE\nORDER BY\n  name ASC\n" [3mrows_affected[0m[2m=[0m1 [3mrows_returned[0m[2m=[0m3 [3melapsed[0m[2m=[0m102.926µs [3melapsed_secs[0m[2m=[0m0.000102926
4:08:23 PM [vite] hmr update /src/routes/member-ships/+page.svelte, /src/app.css
[2m2025-05-26T14:08:23.378891Z[0m [32m INFO[0m [2mgym_manager_lib::commands::membership_commands[0m[2m:[0m Fetching all membership types.
[2m2025-05-26T14:08:23.382978Z[0m [34mDEBUG[0m [2msqlx::query[0m[2m:[0m [3msummary[0m[2m=[0m"SELECT id as 'id!', …" [3mdb.statement[0m[2m=[0m"\n\nSELECT\n  id as 'id!',\n  name,\n  duration_days,\n  visit_limit,\n  price,\n  enter_by,\n  description,\n  created_at,\n  updated_at,\n  is_deleted\nFROM\n  membership_types\nWHERE\n  is_deleted = FALSE\nORDER BY\n  name ASC\n" [3mrows_affected[0m[2m=[0m0 [3mrows_returned[0m[2m=[0m3 [3melapsed[0m[2m=[0m115.869µs [3melapsed_secs[0m[2m=[0m0.000115869
4:09:07 PM [vite] hmr update /src/routes/+layout.svelte, /src/app.css, /src/routes/+page.svelte, /src/lib/components/light-switch/light-switch.svelte, /src/lib/components/ui/button/button.svelte, /src/lib/components/ui/form/form-button.svelte
[2m2025-05-26T14:09:07.765772Z[0m [32m INFO[0m [2mgym_manager_lib::commands::membership_commands[0m[2m:[0m Fetching all membership types.
[2m2025-05-26T14:09:07.769326Z[0m [34mDEBUG[0m [2msqlx::query[0m[2m:[0m [3msummary[0m[2m=[0m"SELECT id as 'id!', …" [3mdb.statement[0m[2m=[0m"\n\nSELECT\n  id as 'id!',\n  name,\n  duration_days,\n  visit_limit,\n  price,\n  enter_by,\n  description,\n  created_at,\n  updated_at,\n  is_deleted\nFROM\n  membership_types\nWHERE\n  is_deleted = FALSE\nORDER BY\n  name ASC\n" [3mrows_affected[0m[2m=[0m1 [3mrows_returned[0m[2m=[0m3 [3melapsed[0m[2m=[0m158.446µs [3melapsed_secs[0m[2m=[0m0.000158446
4:09:54 PM [vite] hmr update /src/routes/member-ships/+page.svelte, /src/app.css
[2m2025-05-26T14:09:55.006511Z[0m [32m INFO[0m [2mgym_manager_lib::commands::membership_commands[0m[2m:[0m Fetching all membership types.
[2m2025-05-26T14:09:55.008300Z[0m [34mDEBUG[0m [2msqlx::query[0m[2m:[0m [3msummary[0m[2m=[0m"SELECT id as 'id!', …" [3mdb.statement[0m[2m=[0m"\n\nSELECT\n  id as 'id!',\n  name,\n  duration_days,\n  visit_limit,\n  price,\n  enter_by,\n  description,\n  created_at,\n  updated_at,\n  is_deleted\nFROM\n  membership_types\nWHERE\n  is_deleted = FALSE\nORDER BY\n  name ASC\n" [3mrows_affected[0m[2m=[0m0 [3mrows_returned[0m[2m=[0m3 [3melapsed[0m[2m=[0m92.707µs [3melapsed_secs[0m[2m=[0m9.2707e-5
4:10:05 PM [vite] hmr update /src/routes/member-ships/+page.svelte, /src/app.css
[2m2025-05-26T14:10:05.952858Z[0m [32m INFO[0m [2mgym_manager_lib::commands::membership_commands[0m[2m:[0m Fetching all membership types.
[2m2025-05-26T14:10:05.954489Z[0m [34mDEBUG[0m [2msqlx::query[0m[2m:[0m [3msummary[0m[2m=[0m"SELECT id as 'id!', …" [3mdb.statement[0m[2m=[0m"\n\nSELECT\n  id as 'id!',\n  name,\n  duration_days,\n  visit_limit,\n  price,\n  enter_by,\n  description,\n  created_at,\n  updated_at,\n  is_deleted\nFROM\n  membership_types\nWHERE\n  is_deleted = FALSE\nORDER BY\n  name ASC\n" [3mrows_affected[0m[2m=[0m1 [3mrows_returned[0m[2m=[0m3 [3melapsed[0m[2m=[0m78.461µs [3melapsed_secs[0m[2m=[0m7.8461e-5
4:11:19 PM [vite] hmr update /src/routes/member-ships/+page.svelte, /src/app.css
[2m2025-05-26T14:11:19.846644Z[0m [32m INFO[0m [2mgym_manager_lib::commands::membership_commands[0m[2m:[0m Fetching all membership types.
[2m2025-05-26T14:11:19.850275Z[0m [34mDEBUG[0m [2msqlx::query[0m[2m:[0m [3msummary[0m[2m=[0m"SELECT id as 'id!', …" [3mdb.statement[0m[2m=[0m"\n\nSELECT\n  id as 'id!',\n  name,\n  duration_days,\n  visit_limit,\n  price,\n  enter_by,\n  description,\n  created_at,\n  updated_at,\n  is_deleted\nFROM\n  membership_types\nWHERE\n  is_deleted = FALSE\nORDER BY\n  name ASC\n" [3mrows_affected[0m[2m=[0m0 [3mrows_returned[0m[2m=[0m3 [3melapsed[0m[2m=[0m102.214µs [3melapsed_secs[0m[2m=[0m0.000102214
4:11:49 PM [vite] hmr update /src/routes/member-ships/+page.svelte, /src/app.css
[2m2025-05-26T14:11:49.192887Z[0m [32m INFO[0m [2mgym_manager_lib::commands::membership_commands[0m[2m:[0m Fetching all membership types.
[2m2025-05-26T14:11:49.194553Z[0m [34mDEBUG[0m [2msqlx::query[0m[2m:[0m [3msummary[0m[2m=[0m"SELECT id as 'id!', …" [3mdb.statement[0m[2m=[0m"\n\nSELECT\n  id as 'id!',\n  name,\n  duration_days,\n  visit_limit,\n  price,\n  enter_by,\n  description,\n  created_at,\n  updated_at,\n  is_deleted\nFROM\n  membership_types\nWHERE\n  is_deleted = FALSE\nORDER BY\n  name ASC\n" [3mrows_affected[0m[2m=[0m1 [3mrows_returned[0m[2m=[0m3 [3melapsed[0m[2m=[0m73.553µs [3melapsed_secs[0m[2m=[0m7.3553e-5
4:13:10 PM [vite] hmr update /src/routes/member-ships/+page.svelte, /src/app.css
[2m2025-05-26T14:13:10.787429Z[0m [32m INFO[0m [2mgym_manager_lib::commands::membership_commands[0m[2m:[0m Fetching all membership types.
[2m2025-05-26T14:13:10.789363Z[0m [34mDEBUG[0m [2msqlx::query[0m[2m:[0m [3msummary[0m[2m=[0m"SELECT id as 'id!', …" [3mdb.statement[0m[2m=[0m"\n\nSELECT\n  id as 'id!',\n  name,\n  duration_days,\n  visit_limit,\n  price,\n  enter_by,\n  description,\n  created_at,\n  updated_at,\n  is_deleted\nFROM\n  membership_types\nWHERE\n  is_deleted = FALSE\nORDER BY\n  name ASC\n" [3mrows_affected[0m[2m=[0m0 [3mrows_returned[0m[2m=[0m3 [3melapsed[0m[2m=[0m59.737µs [3melapsed_secs[0m[2m=[0m5.9737e-5
4:13:27 PM [vite] hmr update /src/routes/member-ships/+page.svelte, /src/app.css
[2m2025-05-26T14:13:27.884813Z[0m [32m INFO[0m [2mgym_manager_lib::commands::membership_commands[0m[2m:[0m Fetching all membership types.
[2m2025-05-26T14:13:27.886786Z[0m [34mDEBUG[0m [2msqlx::query[0m[2m:[0m [3msummary[0m[2m=[0m"SELECT id as 'id!', …" [3mdb.statement[0m[2m=[0m"\n\nSELECT\n  id as 'id!',\n  name,\n  duration_days,\n  visit_limit,\n  price,\n  enter_by,\n  description,\n  created_at,\n  updated_at,\n  is_deleted\nFROM\n  membership_types\nWHERE\n  is_deleted = FALSE\nORDER BY\n  name ASC\n" [3mrows_affected[0m[2m=[0m1 [3mrows_returned[0m[2m=[0m3 [3melapsed[0m[2m=[0m88.109µs [3melapsed_secs[0m[2m=[0m8.8109e-5
4:13:39 PM [vite] hmr update /src/routes/member-ships/+page.svelte, /src/app.css
[2m2025-05-26T14:13:39.622872Z[0m [32m INFO[0m [2mgym_manager_lib::commands::membership_commands[0m[2m:[0m Fetching all membership types.
[2m2025-05-26T14:13:39.625785Z[0m [34mDEBUG[0m [2msqlx::query[0m[2m:[0m [3msummary[0m[2m=[0m"SELECT id as 'id!', …" [3mdb.statement[0m[2m=[0m"\n\nSELECT\n  id as 'id!',\n  name,\n  duration_days,\n  visit_limit,\n  price,\n  enter_by,\n  description,\n  created_at,\n  updated_at,\n  is_deleted\nFROM\n  membership_types\nWHERE\n  is_deleted = FALSE\nORDER BY\n  name ASC\n" [3mrows_affected[0m[2m=[0m0 [3mrows_returned[0m[2m=[0m3 [3melapsed[0m[2m=[0m145.703µs [3melapsed_secs[0m[2m=[0m0.000145703
4:14:16 PM [vite] hmr update /src/routes/member-ships/+page.svelte, /src/app.css
[2m2025-05-26T14:14:16.357296Z[0m [32m INFO[0m [2mgym_manager_lib::commands::membership_commands[0m[2m:[0m Fetching all membership types.
[2m2025-05-26T14:14:16.359021Z[0m [34mDEBUG[0m [2msqlx::query[0m[2m:[0m [3msummary[0m[2m=[0m"SELECT id as 'id!', …" [3mdb.statement[0m[2m=[0m"\n\nSELECT\n  id as 'id!',\n  name,\n  duration_days,\n  visit_limit,\n  price,\n  enter_by,\n  description,\n  created_at,\n  updated_at,\n  is_deleted\nFROM\n  membership_types\nWHERE\n  is_deleted = FALSE\nORDER BY\n  name ASC\n" [3mrows_affected[0m[2m=[0m1 [3mrows_returned[0m[2m=[0m3 [3melapsed[0m[2m=[0m100.802µs [3melapsed_secs[0m[2m=[0m0.000100802
4:14:47 PM [vite] hmr update /src/routes/member-ships/+page.svelte, /src/app.css
[2m2025-05-26T14:14:47.269158Z[0m [32m INFO[0m [2mgym_manager_lib::commands::membership_commands[0m[2m:[0m Fetching all membership types.
[2m2025-05-26T14:14:47.271716Z[0m [34mDEBUG[0m [2msqlx::query[0m[2m:[0m [3msummary[0m[2m=[0m"SELECT id as 'id!', …" [3mdb.statement[0m[2m=[0m"\n\nSELECT\n  id as 'id!',\n  name,\n  duration_days,\n  visit_limit,\n  price,\n  enter_by,\n  description,\n  created_at,\n  updated_at,\n  is_deleted\nFROM\n  membership_types\nWHERE\n  is_deleted = FALSE\nORDER BY\n  name ASC\n" [3mrows_affected[0m[2m=[0m0 [3mrows_returned[0m[2m=[0m3 [3melapsed[0m[2m=[0m74.003µs [3melapsed_secs[0m[2m=[0m7.4003e-5
4:14:59 PM [vite] hmr update /src/routes/member-ships/+page.svelte, /src/app.css
[2m2025-05-26T14:14:59.703332Z[0m [32m INFO[0m [2mgym_manager_lib::commands::membership_commands[0m[2m:[0m Fetching all membership types.
[2m2025-05-26T14:14:59.706934Z[0m [34mDEBUG[0m [2msqlx::query[0m[2m:[0m [3msummary[0m[2m=[0m"SELECT id as 'id!', …" [3mdb.statement[0m[2m=[0m"\n\nSELECT\n  id as 'id!',\n  name,\n  duration_days,\n  visit_limit,\n  price,\n  enter_by,\n  description,\n  created_at,\n  updated_at,\n  is_deleted\nFROM\n  membership_types\nWHERE\n  is_deleted = FALSE\nORDER BY\n  name ASC\n" [3mrows_affected[0m[2m=[0m1 [3mrows_returned[0m[2m=[0m3 [3melapsed[0m[2m=[0m142.467µs [3melapsed_secs[0m[2m=[0m0.000142467
[2m2025-05-26T14:15:05.409765Z[0m [32m INFO[0m [2mgym_manager_lib::commands::membership_commands[0m[2m:[0m Attempting to (soft) delete membership type with id: 1
[2m2025-05-26T14:15:05.420972Z[0m [34mDEBUG[0m [2msqlx::query[0m[2m:[0m [3msummary[0m[2m=[0m"UPDATE membership_types SET is_deleted …" [3mdb.statement[0m[2m=[0m"\n\nUPDATE\n  membership_types\nSET\n  is_deleted = TRUE,\n  updated_at = ?\nWHERE\n  id = ?\n" [3mrows_affected[0m[2m=[0m1 [3mrows_returned[0m[2m=[0m0 [3melapsed[0m[2m=[0m9.529411ms [3melapsed_secs[0m[2m=[0m0.009529411
[2m2025-05-26T14:15:05.421136Z[0m [32m INFO[0m [2mgym_manager_lib::commands::membership_commands[0m[2m:[0m Successfully soft-deleted membership type with id: 1
[2m2025-05-26T14:15:05.422548Z[0m [32m INFO[0m [2mgym_manager_lib::commands::membership_commands[0m[2m:[0m Fetching all membership types.
[2m2025-05-26T14:15:05.425026Z[0m [34mDEBUG[0m [2msqlx::query[0m[2m:[0m [3msummary[0m[2m=[0m"SELECT id as 'id!', …" [3mdb.statement[0m[2m=[0m"\n\nSELECT\n  id as 'id!',\n  name,\n  duration_days,\n  visit_limit,\n  price,\n  enter_by,\n  description,\n  created_at,\n  updated_at,\n  is_deleted\nFROM\n  membership_types\nWHERE\n  is_deleted = FALSE\nORDER BY\n  name ASC\n" [3mrows_affected[0m[2m=[0m1 [3mrows_returned[0m[2m=[0m2 [3melapsed[0m[2m=[0m108.836µs [3melapsed_secs[0m[2m=[0m0.000108836
